<?xml version="1.0" encoding="UTF-8"?>
<testng-results ignored="0" total="1" passed="1" failed="0" skipped="0">
  <reporter-output>
  </reporter-output>
  <suite started-at="2024-12-16T17:47:29 IST" name="Default suite" finished-at="2024-12-16T17:47:30 IST" duration-ms="749">
    <groups>
    </groups>
    <test started-at="2024-12-16T17:47:29 IST" name="Default test" finished-at="2024-12-16T17:47:30 IST" duration-ms="749">
      <class name="extentreports.ToLearnExtentReports">
        <test-method signature="createReport()[pri:0, instance:extentreports.ToLearnExtentReports@6572421]" started-at="2024-12-16T17:47:29 IST" name="createReport" finished-at="2024-12-16T17:47:30 IST" duration-ms="683" status="PASS">
          <reporter-output>
          </reporter-output>
        </test-method> <!-- createReport -->
      </class> <!-- extentreports.ToLearnExtentReports -->
    </test> <!-- Default test -->
  </suite> <!-- Default suite -->
</testng-results>
